<?xml version="1.0" encoding="UTF-8"?>
<coverage generated="1594572394052" clover="3.2.0">
  <project timestamp="1594572394052" name="All files">
    <metrics statements="107" coveredstatements="63" conditionals="24" coveredconditionals="6" methods="27" coveredmethods="11" elements="158" coveredelements="80" complexity="0" loc="107" ncloc="107" packages="6" files="11" classes="11"/>
    <package name="CardGame">
      <metrics statements="2" coveredstatements="2" conditionals="0" coveredconditionals="0" methods="1" coveredmethods="1"/>
      <file name="App.js" path="/Users/kavinie/Documents/CardGame/App.js">
        <metrics statements="2" coveredstatements="2" conditionals="0" coveredconditionals="0" methods="1" coveredmethods="1"/>
        <line num="12" count="1" type="stmt"/>
        <line num="13" count="1" type="stmt"/>
      </file>
    </package>
    <package name="CardGame.src.Utils">
      <metrics statements="31" coveredstatements="31" conditionals="6" coveredconditionals="6" methods="7" coveredmethods="7"/>
      <file name="SupportFun.js" path="/Users/kavinie/Documents/CardGame/src/Utils/SupportFun.js">
        <metrics statements="31" coveredstatements="31" conditionals="6" coveredconditionals="6" methods="7" coveredmethods="7"/>
        <line num="1" count="3" type="stmt"/>
        <line num="2" count="4" type="stmt"/>
        <line num="5" count="4" type="stmt"/>
        <line num="8" count="12" type="stmt"/>
        <line num="9" count="12" type="stmt"/>
        <line num="12" count="12" type="stmt"/>
        <line num="13" count="12" type="stmt"/>
        <line num="14" count="12" type="stmt"/>
        <line num="17" count="4" type="stmt"/>
        <line num="20" count="3" type="stmt"/>
        <line num="21" count="8" type="stmt"/>
        <line num="23" count="8" type="stmt"/>
        <line num="24" count="50" type="stmt"/>
        <line num="26" count="50" type="stmt"/>
        <line num="27" count="50" type="stmt"/>
        <line num="28" count="127" type="cond" truecount="2" falsecount="0"/>
        <line num="29" count="2" type="stmt"/>
        <line num="32" count="50" type="cond" truecount="2" falsecount="0"/>
        <line num="33" count="48" type="stmt"/>
        <line num="37" count="8" type="stmt"/>
        <line num="40" count="3" type="stmt"/>
        <line num="41" count="50" type="stmt"/>
        <line num="44" count="3" type="stmt"/>
        <line num="45" count="1" type="stmt"/>
        <line num="46" count="1" type="stmt"/>
        <line num="49" count="3" type="stmt"/>
        <line num="50" count="3" type="stmt"/>
        <line num="51" count="3" type="stmt"/>
        <line num="52" count="6" type="cond" truecount="2" falsecount="0"/>
        <line num="53" count="3" type="stmt"/>
        <line num="57" count="3" type="stmt"/>
      </file>
    </package>
    <package name="CardGame.src.components">
      <metrics statements="7" coveredstatements="6" conditionals="2" coveredconditionals="0" methods="3" coveredmethods="2"/>
      <file name="CACard.js" path="/Users/kavinie/Documents/CardGame/src/components/CACard.js">
        <metrics statements="3" coveredstatements="2" conditionals="2" coveredconditionals="0" methods="1" coveredmethods="0"/>
        <line num="13" count="2" type="stmt"/>
        <line num="15" count="0" type="stmt"/>
        <line num="39" count="2" type="stmt"/>
      </file>
      <file name="CAHeader.js" path="/Users/kavinie/Documents/CardGame/src/components/CAHeader.js">
        <metrics statements="1" coveredstatements="1" conditionals="0" coveredconditionals="0" methods="1" coveredmethods="1"/>
        <line num="7" count="2" type="stmt"/>
      </file>
      <file name="CALinkButton.js" path="/Users/kavinie/Documents/CardGame/src/components/CALinkButton.js">
        <metrics statements="3" coveredstatements="3" conditionals="0" coveredconditionals="0" methods="1" coveredmethods="1"/>
        <line num="6" count="2" type="stmt"/>
        <line num="7" count="2" type="stmt"/>
        <line num="14" count="2" type="stmt"/>
      </file>
    </package>
    <package name="CardGame.src.res">
      <metrics statements="3" coveredstatements="3" conditionals="0" coveredconditionals="0" methods="0" coveredmethods="0"/>
      <file name="CAColors.js" path="/Users/kavinie/Documents/CardGame/src/res/CAColors.js">
        <metrics statements="1" coveredstatements="1" conditionals="0" coveredconditionals="0" methods="0" coveredmethods="0"/>
        <line num="1" count="2" type="stmt"/>
      </file>
      <file name="CAImages.js" path="/Users/kavinie/Documents/CardGame/src/res/CAImages.js">
        <metrics statements="1" coveredstatements="1" conditionals="0" coveredconditionals="0" methods="0" coveredmethods="0"/>
        <line num="1" count="2" type="stmt"/>
      </file>
      <file name="CAStrings.js" path="/Users/kavinie/Documents/CardGame/src/res/CAStrings.js">
        <metrics statements="1" coveredstatements="1" conditionals="0" coveredconditionals="0" methods="0" coveredmethods="0"/>
        <line num="1" count="2" type="stmt"/>
      </file>
      <file name="CAStyles.js" path="/Users/kavinie/Documents/CardGame/src/res/CAStyles.js">
        <metrics statements="0" coveredstatements="0" conditionals="0" coveredconditionals="0" methods="0" coveredmethods="0"/>
      </file>
    </package>
    <package name="CardGame.src.res.assets">
      <metrics statements="1" coveredstatements="1" conditionals="0" coveredconditionals="0" methods="0" coveredmethods="0"/>
      <file name="background.jpg" path="/Users/kavinie/Documents/CardGame/src/res/assets/background.jpg">
        <metrics statements="1" coveredstatements="1" conditionals="0" coveredconditionals="0" methods="0" coveredmethods="0"/>
        <line num="1" count="2" type="stmt"/>
      </file>
    </package>
    <package name="CardGame.src.screens">
      <metrics statements="63" coveredstatements="20" conditionals="16" coveredconditionals="0" methods="16" coveredmethods="1"/>
      <file name="HomeScreen.js" path="/Users/kavinie/Documents/CardGame/src/screens/HomeScreen.js">
        <metrics statements="63" coveredstatements="20" conditionals="16" coveredconditionals="0" methods="16" coveredmethods="1"/>
        <line num="15" count="2" type="stmt"/>
        <line num="17" count="2" type="stmt"/>
        <line num="18" count="2" type="stmt"/>
        <line num="21" count="2" type="stmt"/>
        <line num="23" count="2" type="stmt"/>
        <line num="25" count="2" type="stmt"/>
        <line num="27" count="2" type="stmt"/>
        <line num="29" count="2" type="stmt"/>
        <line num="30" count="2" type="stmt"/>
        <line num="33" count="2" type="stmt"/>
        <line num="34" count="0" type="stmt"/>
        <line num="37" count="2" type="stmt"/>
        <line num="38" count="0" type="cond" truecount="0" falsecount="2"/>
        <line num="39" count="0" type="stmt"/>
        <line num="43" count="2" type="stmt"/>
        <line num="44" count="0" type="stmt"/>
        <line num="45" count="0" type="stmt"/>
        <line num="46" count="0" type="stmt"/>
        <line num="49" count="2" type="stmt"/>
        <line num="50" count="0" type="stmt"/>
        <line num="51" count="0" type="stmt"/>
        <line num="52" count="0" type="stmt"/>
        <line num="57" count="0" type="stmt"/>
        <line num="60" count="0" type="stmt"/>
        <line num="63" count="2" type="stmt"/>
        <line num="65" count="0" type="stmt"/>
        <line num="67" count="0" type="stmt"/>
        <line num="69" count="0" type="stmt"/>
        <line num="72" count="2" type="stmt"/>
        <line num="73" count="0" type="cond" truecount="0" falsecount="2"/>
        <line num="74" count="0" type="stmt"/>
        <line num="76" count="0" type="cond" truecount="0" falsecount="2"/>
        <line num="77" count="0" type="stmt"/>
        <line num="83" count="0" type="stmt"/>
        <line num="91" count="0" type="stmt"/>
        <line num="92" count="0" type="stmt"/>
        <line num="97" count="2" type="stmt"/>
        <line num="98" count="0" type="stmt"/>
        <line num="99" count="0" type="stmt"/>
        <line num="100" count="0" type="cond" truecount="0" falsecount="4"/>
        <line num="101" count="0" type="stmt"/>
        <line num="106" count="0" type="stmt"/>
        <line num="107" count="0" type="stmt"/>
        <line num="121" count="2" type="stmt"/>
        <line num="122" count="0" type="cond" truecount="0" falsecount="2"/>
        <line num="123" count="0" type="stmt"/>
        <line num="127" count="0" type="stmt"/>
        <line num="128" count="0" type="stmt"/>
        <line num="129" count="0" type="stmt"/>
        <line num="130" count="0" type="stmt"/>
        <line num="131" count="0" type="stmt"/>
        <line num="134" count="0" type="stmt"/>
        <line num="137" count="0" type="stmt"/>
        <line num="138" count="0" type="cond" truecount="0" falsecount="2"/>
        <line num="139" count="0" type="stmt"/>
        <line num="142" count="0" type="cond" truecount="0" falsecount="2"/>
        <line num="143" count="0" type="stmt"/>
        <line num="149" count="2" type="stmt"/>
        <line num="150" count="0" type="stmt"/>
        <line num="154" count="0" type="stmt"/>
        <line num="157" count="2" type="stmt"/>
        <line num="164" count="0" type="stmt"/>
        <line num="171" count="2" type="stmt"/>
      </file>
    </package>
  </project>
</coverage>
