{"/Users/kavinie/Documents/CardGame/App.js": {"path":"/Users/kavinie/Documents/CardGame/App.js","statementMap":{"0":{"start":{"line":12,"column":30},"end":{"line":16,"column":1}},"1":{"start":{"line":13,"column":2},"end":{"line":15,"column":4}}},"fnMap":{"0":{"name":"(anonymous_0)","decl":{"start":{"line":12,"column":30},"end":{"line":12,"column":31}},"loc":{"start":{"line":12,"column":36},"end":{"line":16,"column":1}},"line":12}},"branchMap":{},"s":{"0":1,"1":1},"f":{"0":1},"b":{},"_coverageSchema":"1a1c01bbd47fc00a2c39e90264f33305004495a9","hash":"7327d9958143d94a60bcf54824e9a8f745ecca26"}
,"/Users/kavinie/Documents/CardGame/src/Utils/SupportFun.js": {"path":"/Users/kavinie/Documents/CardGame/src/Utils/SupportFun.js","statementMap":{"0":{"start":{"line":1,"column":23},"end":{"line":18,"column":1}},"1":{"start":{"line":2,"column":23},"end":{"line":2,"column":35}},"2":{"start":{"line":5,"column":4},"end":{"line":15,"column":5}},"3":{"start":{"line":8,"column":6},"end":{"line":8,"column":61}},"4":{"start":{"line":9,"column":6},"end":{"line":9,"column":24}},"5":{"start":{"line":12,"column":6},"end":{"line":12,"column":43}},"6":{"start":{"line":13,"column":6},"end":{"line":13,"column":47}},"7":{"start":{"line":14,"column":6},"end":{"line":14,"column":42}},"8":{"start":{"line":17,"column":4},"end":{"line":17,"column":17}},"9":{"start":{"line":20,"column":36},"end":{"line":38,"column":1}},"10":{"start":{"line":21,"column":23},"end":{"line":21,"column":25}},"11":{"start":{"line":23,"column":4},"end":{"line":35,"column":5}},"12":{"start":{"line":24,"column":24},"end":{"line":24,"column":41}},"13":{"start":{"line":26,"column":8},"end":{"line":26,"column":23}},"14":{"start":{"line":27,"column":8},"end":{"line":31,"column":10}},"15":{"start":{"line":28,"column":12},"end":{"line":30,"column":13}},"16":{"start":{"line":29,"column":16},"end":{"line":29,"column":30}},"17":{"start":{"line":32,"column":8},"end":{"line":34,"column":9}},"18":{"start":{"line":33,"column":12},"end":{"line":33,"column":40}},"19":{"start":{"line":37,"column":4},"end":{"line":37,"column":23}},"20":{"start":{"line":40,"column":0},"end":{"line":42,"column":1}},"21":{"start":{"line":41,"column":4},"end":{"line":41,"column":49}},"22":{"start":{"line":44,"column":30},"end":{"line":47,"column":1}},"23":{"start":{"line":45,"column":22},"end":{"line":45,"column":47}},"24":{"start":{"line":46,"column":4},"end":{"line":46,"column":22}},"25":{"start":{"line":49,"column":43},"end":{"line":58,"column":1}},"26":{"start":{"line":50,"column":23},"end":{"line":50,"column":27}},"27":{"start":{"line":51,"column":4},"end":{"line":55,"column":6}},"28":{"start":{"line":52,"column":6},"end":{"line":54,"column":7}},"29":{"start":{"line":53,"column":8},"end":{"line":53,"column":28}},"30":{"start":{"line":57,"column":4},"end":{"line":57,"column":23}},"31":{"start":{"line":60,"column":32},"end":{"line":72,"column":1}},"32":{"start":{"line":61,"column":20},"end":{"line":61,"column":22}},"33":{"start":{"line":62,"column":6},"end":{"line":69,"column":8}},"34":{"start":{"line":63,"column":19},"end":{"line":67,"column":9}},"35":{"start":{"line":68,"column":8},"end":{"line":68,"column":28}},"36":{"start":{"line":71,"column":4},"end":{"line":71,"column":21}}},"fnMap":{"0":{"name":"(anonymous_0)","decl":{"start":{"line":1,"column":23},"end":{"line":1,"column":24}},"loc":{"start":{"line":1,"column":34},"end":{"line":18,"column":1}},"line":1},"1":{"name":"(anonymous_1)","decl":{"start":{"line":20,"column":36},"end":{"line":20,"column":37}},"loc":{"start":{"line":20,"column":42},"end":{"line":38,"column":1}},"line":20},"2":{"name":"(anonymous_2)","decl":{"start":{"line":27,"column":25},"end":{"line":27,"column":26}},"loc":{"start":{"line":27,"column":34},"end":{"line":31,"column":9}},"line":27},"3":{"name":"(anonymous_3)","decl":{"start":{"line":40,"column":18},"end":{"line":40,"column":19}},"loc":{"start":{"line":40,"column":24},"end":{"line":42,"column":1}},"line":40},"4":{"name":"(anonymous_4)","decl":{"start":{"line":44,"column":30},"end":{"line":44,"column":31}},"loc":{"start":{"line":44,"column":54},"end":{"line":47,"column":1}},"line":44},"5":{"name":"(anonymous_5)","decl":{"start":{"line":49,"column":43},"end":{"line":49,"column":44}},"loc":{"start":{"line":49,"column":60},"end":{"line":58,"column":1}},"line":49},"6":{"name":"(anonymous_6)","decl":{"start":{"line":51,"column":20},"end":{"line":51,"column":21}},"loc":{"start":{"line":51,"column":32},"end":{"line":55,"column":5}},"line":51},"7":{"name":"(anonymous_7)","decl":{"start":{"line":60,"column":32},"end":{"line":60,"column":33}},"loc":{"start":{"line":60,"column":51},"end":{"line":72,"column":1}},"line":60},"8":{"name":"(anonymous_8)","decl":{"start":{"line":62,"column":24},"end":{"line":62,"column":25}},"loc":{"start":{"line":62,"column":41},"end":{"line":69,"column":7}},"line":62}},"branchMap":{"0":{"loc":{"start":{"line":28,"column":12},"end":{"line":30,"column":13}},"type":"if","locations":[{"start":{"line":28,"column":12},"end":{"line":30,"column":13}},{"start":{"line":28,"column":12},"end":{"line":30,"column":13}}],"line":28},"1":{"loc":{"start":{"line":32,"column":8},"end":{"line":34,"column":9}},"type":"if","locations":[{"start":{"line":32,"column":8},"end":{"line":34,"column":9}},{"start":{"line":32,"column":8},"end":{"line":34,"column":9}}],"line":32},"2":{"loc":{"start":{"line":52,"column":6},"end":{"line":54,"column":7}},"type":"if","locations":[{"start":{"line":52,"column":6},"end":{"line":54,"column":7}},{"start":{"line":52,"column":6},"end":{"line":54,"column":7}}],"line":52}},"s":{"0":3,"1":5,"2":5,"3":24,"4":24,"5":24,"6":24,"7":24,"8":5,"9":3,"10":9,"11":9,"12":57,"13":57,"14":57,"15":144,"16":3,"17":57,"18":54,"19":9,"20":3,"21":57,"22":3,"23":2,"24":2,"25":3,"26":3,"27":3,"28":6,"29":3,"30":3,"31":3,"32":4,"33":4,"34":21,"35":21,"36":4},"f":{"0":5,"1":9,"2":144,"3":57,"4":2,"5":3,"6":6,"7":4,"8":21},"b":{"0":[3,141],"1":[54,3],"2":[3,3]},"_coverageSchema":"1a1c01bbd47fc00a2c39e90264f33305004495a9","hash":"902218a47603a8d0a23f28c476d3c38fedbbee71"}
,"/Users/kavinie/Documents/CardGame/src/components/CACard.js": {"path":"/Users/kavinie/Documents/CardGame/src/components/CACard.js","statementMap":{"0":{"start":{"line":13,"column":15},"end":{"line":37,"column":1}},"1":{"start":{"line":15,"column":2},"end":{"line":35,"column":3}},"2":{"start":{"line":39,"column":15},"end":{"line":46,"column":2}}},"fnMap":{"0":{"name":"(anonymous_0)","decl":{"start":{"line":13,"column":15},"end":{"line":13,"column":16}},"loc":{"start":{"line":13,"column":27},"end":{"line":37,"column":1}},"line":13}},"branchMap":{"0":{"loc":{"start":{"line":20,"column":12},"end":{"line":30,"column":13}},"type":"cond-expr","locations":[{"start":{"line":21,"column":14},"end":{"line":21,"column":65}},{"start":{"line":23,"column":14},"end":{"line":28,"column":16}}],"line":20}},"s":{"0":2,"1":13,"2":2},"f":{"0":13},"b":{"0":[0,13]},"_coverageSchema":"1a1c01bbd47fc00a2c39e90264f33305004495a9","hash":"2f3a1338b76e2f45c5a0bacaa560442fcd44f783"}
,"/Users/kavinie/Documents/CardGame/src/components/CAHeader.js": {"path":"/Users/kavinie/Documents/CardGame/src/components/CAHeader.js","statementMap":{"0":{"start":{"line":7,"column":4},"end":{"line":20,"column":5}}},"fnMap":{"0":{"name":"CAHeader","decl":{"start":{"line":6,"column":24},"end":{"line":6,"column":32}},"loc":{"start":{"line":6,"column":40},"end":{"line":21,"column":1}},"line":6}},"branchMap":{},"s":{"0":4},"f":{"0":4},"b":{},"_coverageSchema":"1a1c01bbd47fc00a2c39e90264f33305004495a9","hash":"ddf89e128310c069f57bbd7d9f5a6e953974a6dd"}
,"/Users/kavinie/Documents/CardGame/src/components/CALinkButton.js": {"path":"/Users/kavinie/Documents/CardGame/src/components/CALinkButton.js","statementMap":{"0":{"start":{"line":6,"column":21},"end":{"line":12,"column":1}},"1":{"start":{"line":7,"column":4},"end":{"line":11,"column":5}},"2":{"start":{"line":14,"column":15},"end":{"line":16,"column":2}}},"fnMap":{"0":{"name":"(anonymous_0)","decl":{"start":{"line":6,"column":21},"end":{"line":6,"column":22}},"loc":{"start":{"line":6,"column":32},"end":{"line":12,"column":1}},"line":6}},"branchMap":{},"s":{"0":2,"1":5,"2":2},"f":{"0":5},"b":{},"_coverageSchema":"1a1c01bbd47fc00a2c39e90264f33305004495a9","hash":"9a6564713bcecdb7bc0b5d415aaf2e6373c22c90"}
,"/Users/kavinie/Documents/CardGame/src/res/CAColors.js": {"path":"/Users/kavinie/Documents/CardGame/src/res/CAColors.js","statementMap":{"0":{"start":{"line":1,"column":17},"end":{"line":5,"column":1}}},"fnMap":{},"branchMap":{},"s":{"0":2},"f":{},"b":{},"_coverageSchema":"1a1c01bbd47fc00a2c39e90264f33305004495a9","hash":"eae151a991f47944254bb00417c038df38fc2145"}
,"/Users/kavinie/Documents/CardGame/src/res/CAImages.js": {"path":"/Users/kavinie/Documents/CardGame/src/res/CAImages.js","statementMap":{"0":{"start":{"line":1,"column":17},"end":{"line":3,"column":1}}},"fnMap":{},"branchMap":{},"s":{"0":2},"f":{},"b":{},"_coverageSchema":"1a1c01bbd47fc00a2c39e90264f33305004495a9","hash":"4179f4618c363bd09de02d930351571bcf081572"}
,"/Users/kavinie/Documents/CardGame/src/res/CAStrings.js": {"path":"/Users/kavinie/Documents/CardGame/src/res/CAStrings.js","statementMap":{"0":{"start":{"line":1,"column":18},"end":{"line":5,"column":1}}},"fnMap":{},"branchMap":{},"s":{"0":2},"f":{},"b":{},"_coverageSchema":"1a1c01bbd47fc00a2c39e90264f33305004495a9","hash":"33782606159effaae05de60ac9e201e8cbae2161"}
,"/Users/kavinie/Documents/CardGame/src/res/CAStyles.js": {"path":"/Users/kavinie/Documents/CardGame/src/res/CAStyles.js","statementMap":{},"fnMap":{},"branchMap":{},"s":{},"f":{},"b":{},"_coverageSchema":"1a1c01bbd47fc00a2c39e90264f33305004495a9","hash":"bcd4585ecf2e3a4417431d2271004a70c8bb4d4a"}
,"/Users/kavinie/Documents/CardGame/src/res/assets/background.jpg": {"path":"/Users/kavinie/Documents/CardGame/src/res/assets/background.jpg","statementMap":{"0":{"start":{"line":1,"column":0},"end":{"line":4,"column":6}}},"fnMap":{},"branchMap":{},"s":{"0":2},"f":{},"b":{},"inputSourceMap":null,"_coverageSchema":"1a1c01bbd47fc00a2c39e90264f33305004495a9","hash":"538ae432978894e0dd22e38d26a0d845a8cdbb7c"}
,"/Users/kavinie/Documents/CardGame/src/screens/HomeScreen.js": {"path":"/Users/kavinie/Documents/CardGame/src/screens/HomeScreen.js","statementMap":{"0":{"start":{"line":15,"column":19},"end":{"line":160,"column":1}},"1":{"start":{"line":17,"column":23},"end":{"line":17,"column":70}},"2":{"start":{"line":18,"column":24},"end":{"line":18,"column":73}},"3":{"start":{"line":21,"column":28},"end":{"line":21,"column":50}},"4":{"start":{"line":23,"column":41},"end":{"line":23,"column":53}},"5":{"start":{"line":25,"column":29},"end":{"line":25,"column":40}},"6":{"start":{"line":27,"column":37},"end":{"line":27,"column":48}},"7":{"start":{"line":29,"column":51},"end":{"line":29,"column":65}},"8":{"start":{"line":30,"column":53},"end":{"line":30,"column":67}},"9":{"start":{"line":33,"column":4},"end":{"line":35,"column":10}},"10":{"start":{"line":34,"column":8},"end":{"line":34,"column":22}},"11":{"start":{"line":37,"column":4},"end":{"line":41,"column":19}},"12":{"start":{"line":38,"column":5},"end":{"line":40,"column":6}},"13":{"start":{"line":39,"column":8},"end":{"line":39,"column":27}},"14":{"start":{"line":43,"column":4},"end":{"line":47,"column":5}},"15":{"start":{"line":44,"column":24},"end":{"line":44,"column":74}},"16":{"start":{"line":45,"column":26},"end":{"line":45,"column":46}},"17":{"start":{"line":46,"column":6},"end":{"line":46,"column":30}},"18":{"start":{"line":49,"column":4},"end":{"line":52,"column":5}},"19":{"start":{"line":50,"column":6},"end":{"line":50,"column":49}},"20":{"start":{"line":51,"column":6},"end":{"line":51,"column":31}},"21":{"start":{"line":54,"column":4},"end":{"line":61,"column":5}},"22":{"start":{"line":56,"column":8},"end":{"line":56,"column":19}},"23":{"start":{"line":58,"column":8},"end":{"line":58,"column":22}},"24":{"start":{"line":60,"column":8},"end":{"line":60,"column":23}},"25":{"start":{"line":63,"column":4},"end":{"line":86,"column":5}},"26":{"start":{"line":64,"column":6},"end":{"line":85,"column":7}},"27":{"start":{"line":65,"column":8},"end":{"line":65,"column":23}},"28":{"start":{"line":67,"column":8},"end":{"line":79,"column":9}},"29":{"start":{"line":68,"column":10},"end":{"line":78,"column":12}},"30":{"start":{"line":74,"column":31},"end":{"line":74,"column":43}},"31":{"start":{"line":82,"column":8},"end":{"line":84,"column":17}},"32":{"start":{"line":83,"column":10},"end":{"line":83,"column":33}},"33":{"start":{"line":88,"column":4},"end":{"line":99,"column":5}},"34":{"start":{"line":89,"column":21},"end":{"line":89,"column":37}},"35":{"start":{"line":90,"column":6},"end":{"line":95,"column":8}},"36":{"start":{"line":91,"column":8},"end":{"line":93,"column":9}},"37":{"start":{"line":92,"column":10},"end":{"line":92,"column":34}},"38":{"start":{"line":97,"column":6},"end":{"line":97,"column":30}},"39":{"start":{"line":98,"column":6},"end":{"line":98,"column":21}},"40":{"start":{"line":112,"column":4},"end":{"line":138,"column":5}},"41":{"start":{"line":113,"column":6},"end":{"line":115,"column":7}},"42":{"start":{"line":114,"column":8},"end":{"line":114,"column":14}},"43":{"start":{"line":118,"column":20},"end":{"line":118,"column":24}},"44":{"start":{"line":119,"column":6},"end":{"line":119,"column":28}},"45":{"start":{"line":120,"column":21},"end":{"line":120,"column":37}},"46":{"start":{"line":121,"column":6},"end":{"line":121,"column":33}},"47":{"start":{"line":122,"column":6},"end":{"line":122,"column":30}},"48":{"start":{"line":125,"column":6},"end":{"line":125,"column":25}},"49":{"start":{"line":128,"column":6},"end":{"line":128,"column":33}},"50":{"start":{"line":129,"column":6},"end":{"line":131,"column":7}},"51":{"start":{"line":130,"column":8},"end":{"line":130,"column":36}},"52":{"start":{"line":133,"column":6},"end":{"line":135,"column":7}},"53":{"start":{"line":134,"column":8},"end":{"line":134,"column":37}},"54":{"start":{"line":140,"column":23},"end":{"line":146,"column":5}},"55":{"start":{"line":141,"column":8},"end":{"line":145,"column":55}},"56":{"start":{"line":145,"column":34},"end":{"line":145,"column":51}},"57":{"start":{"line":148,"column":4},"end":{"line":159,"column":5}},"58":{"start":{"line":155,"column":38},"end":{"line":155,"column":45}},"59":{"start":{"line":162,"column":15},"end":{"line":167,"column":2}}},"fnMap":{"0":{"name":"(anonymous_0)","decl":{"start":{"line":15,"column":19},"end":{"line":15,"column":20}},"loc":{"start":{"line":15,"column":25},"end":{"line":160,"column":1}},"line":15},"1":{"name":"(anonymous_1)","decl":{"start":{"line":33,"column":14},"end":{"line":33,"column":15}},"loc":{"start":{"line":33,"column":20},"end":{"line":35,"column":5}},"line":33},"2":{"name":"(anonymous_2)","decl":{"start":{"line":37,"column":14},"end":{"line":37,"column":15}},"loc":{"start":{"line":37,"column":20},"end":{"line":41,"column":5}},"line":37},"3":{"name":"(anonymous_3)","decl":{"start":{"line":43,"column":19},"end":{"line":43,"column":20}},"loc":{"start":{"line":43,"column":25},"end":{"line":47,"column":5}},"line":43},"4":{"name":"(anonymous_4)","decl":{"start":{"line":49,"column":16},"end":{"line":49,"column":17}},"loc":{"start":{"line":49,"column":35},"end":{"line":52,"column":5}},"line":49},"5":{"name":"(anonymous_5)","decl":{"start":{"line":54,"column":17},"end":{"line":54,"column":18}},"loc":{"start":{"line":54,"column":23},"end":{"line":61,"column":5}},"line":54},"6":{"name":"(anonymous_6)","decl":{"start":{"line":63,"column":24},"end":{"line":63,"column":25}},"loc":{"start":{"line":63,"column":30},"end":{"line":86,"column":5}},"line":63},"7":{"name":"(anonymous_7)","decl":{"start":{"line":74,"column":25},"end":{"line":74,"column":26}},"loc":{"start":{"line":74,"column":31},"end":{"line":74,"column":43}},"line":74},"8":{"name":"(anonymous_8)","decl":{"start":{"line":82,"column":19},"end":{"line":82,"column":20}},"loc":{"start":{"line":82,"column":25},"end":{"line":84,"column":9}},"line":82},"9":{"name":"(anonymous_9)","decl":{"start":{"line":88,"column":28},"end":{"line":88,"column":29}},"loc":{"start":{"line":88,"column":34},"end":{"line":99,"column":5}},"line":88},"10":{"name":"(anonymous_10)","decl":{"start":{"line":90,"column":19},"end":{"line":90,"column":20}},"loc":{"start":{"line":90,"column":31},"end":{"line":95,"column":7}},"line":90},"11":{"name":"(anonymous_11)","decl":{"start":{"line":112,"column":18},"end":{"line":112,"column":19}},"loc":{"start":{"line":112,"column":33},"end":{"line":138,"column":5}},"line":112},"12":{"name":"(anonymous_12)","decl":{"start":{"line":140,"column":23},"end":{"line":140,"column":24}},"loc":{"start":{"line":141,"column":8},"end":{"line":145,"column":55}},"line":141},"13":{"name":"(anonymous_13)","decl":{"start":{"line":145,"column":29},"end":{"line":145,"column":30}},"loc":{"start":{"line":145,"column":33},"end":{"line":145,"column":52}},"line":145},"14":{"name":"(anonymous_14)","decl":{"start":{"line":155,"column":30},"end":{"line":155,"column":31}},"loc":{"start":{"line":155,"column":38},"end":{"line":155,"column":45}},"line":155}},"branchMap":{"0":{"loc":{"start":{"line":38,"column":5},"end":{"line":40,"column":6}},"type":"if","locations":[{"start":{"line":38,"column":5},"end":{"line":40,"column":6}},{"start":{"line":38,"column":5},"end":{"line":40,"column":6}}],"line":38},"1":{"loc":{"start":{"line":64,"column":6},"end":{"line":85,"column":7}},"type":"if","locations":[{"start":{"line":64,"column":6},"end":{"line":85,"column":7}},{"start":{"line":64,"column":6},"end":{"line":85,"column":7}}],"line":64},"2":{"loc":{"start":{"line":67,"column":8},"end":{"line":79,"column":9}},"type":"if","locations":[{"start":{"line":67,"column":8},"end":{"line":79,"column":9}},{"start":{"line":67,"column":8},"end":{"line":79,"column":9}}],"line":67},"3":{"loc":{"start":{"line":91,"column":8},"end":{"line":93,"column":9}},"type":"if","locations":[{"start":{"line":91,"column":8},"end":{"line":93,"column":9}},{"start":{"line":91,"column":8},"end":{"line":93,"column":9}}],"line":91},"4":{"loc":{"start":{"line":91,"column":12},"end":{"line":91,"column":87}},"type":"binary-expr","locations":[{"start":{"line":91,"column":12},"end":{"line":91,"column":47}},{"start":{"line":91,"column":51},"end":{"line":91,"column":87}}],"line":91},"5":{"loc":{"start":{"line":113,"column":6},"end":{"line":115,"column":7}},"type":"if","locations":[{"start":{"line":113,"column":6},"end":{"line":115,"column":7}},{"start":{"line":113,"column":6},"end":{"line":115,"column":7}}],"line":113},"6":{"loc":{"start":{"line":129,"column":6},"end":{"line":131,"column":7}},"type":"if","locations":[{"start":{"line":129,"column":6},"end":{"line":131,"column":7}},{"start":{"line":129,"column":6},"end":{"line":131,"column":7}}],"line":129},"7":{"loc":{"start":{"line":133,"column":6},"end":{"line":135,"column":7}},"type":"if","locations":[{"start":{"line":133,"column":6},"end":{"line":135,"column":7}},{"start":{"line":133,"column":6},"end":{"line":135,"column":7}}],"line":133}},"s":{"0":2,"1":3,"2":3,"3":3,"4":3,"5":3,"6":3,"7":3,"8":3,"9":3,"10":1,"11":3,"12":1,"13":0,"14":3,"15":1,"16":1,"17":1,"18":3,"19":1,"20":1,"21":3,"22":0,"23":0,"24":0,"25":3,"26":0,"27":0,"28":0,"29":0,"30":0,"31":0,"32":0,"33":3,"34":0,"35":0,"36":0,"37":0,"38":0,"39":0,"40":3,"41":0,"42":0,"43":0,"44":0,"45":0,"46":0,"47":0,"48":0,"49":0,"50":0,"51":0,"52":0,"53":0,"54":3,"55":12,"56":0,"57":3,"58":21,"59":2},"f":{"0":3,"1":1,"2":1,"3":1,"4":1,"5":0,"6":0,"7":0,"8":0,"9":0,"10":0,"11":0,"12":12,"13":0,"14":21},"b":{"0":[0,1],"1":[0,0],"2":[0,0],"3":[0,0],"4":[0,0],"5":[0,0],"6":[0,0],"7":[0,0]},"_coverageSchema":"1a1c01bbd47fc00a2c39e90264f33305004495a9","hash":"1067b5c61476eb63a896f7d47d3dfbe2c259c8a2"}
}
