{"/Users/kavinie/Documents/CardGame/App.js": {"path":"/Users/kavinie/Documents/CardGame/App.js","statementMap":{"0":{"start":{"line":12,"column":30},"end":{"line":16,"column":1}},"1":{"start":{"line":13,"column":2},"end":{"line":15,"column":4}}},"fnMap":{"0":{"name":"(anonymous_0)","decl":{"start":{"line":12,"column":30},"end":{"line":12,"column":31}},"loc":{"start":{"line":12,"column":36},"end":{"line":16,"column":1}},"line":12}},"branchMap":{},"s":{"0":1,"1":1},"f":{"0":1},"b":{},"_coverageSchema":"1a1c01bbd47fc00a2c39e90264f33305004495a9","hash":"7327d9958143d94a60bcf54824e9a8f745ecca26"}
,"/Users/kavinie/Documents/CardGame/src/Utils/SupportFun.js": {"path":"/Users/kavinie/Documents/CardGame/src/Utils/SupportFun.js","statementMap":{"0":{"start":{"line":1,"column":23},"end":{"line":18,"column":1}},"1":{"start":{"line":2,"column":23},"end":{"line":2,"column":35}},"2":{"start":{"line":5,"column":4},"end":{"line":15,"column":5}},"3":{"start":{"line":8,"column":6},"end":{"line":8,"column":61}},"4":{"start":{"line":9,"column":6},"end":{"line":9,"column":24}},"5":{"start":{"line":12,"column":6},"end":{"line":12,"column":43}},"6":{"start":{"line":13,"column":6},"end":{"line":13,"column":47}},"7":{"start":{"line":14,"column":6},"end":{"line":14,"column":42}},"8":{"start":{"line":17,"column":4},"end":{"line":17,"column":17}},"9":{"start":{"line":20,"column":36},"end":{"line":38,"column":1}},"10":{"start":{"line":21,"column":23},"end":{"line":21,"column":25}},"11":{"start":{"line":23,"column":4},"end":{"line":35,"column":5}},"12":{"start":{"line":24,"column":24},"end":{"line":24,"column":41}},"13":{"start":{"line":26,"column":8},"end":{"line":26,"column":23}},"14":{"start":{"line":27,"column":8},"end":{"line":31,"column":10}},"15":{"start":{"line":28,"column":12},"end":{"line":30,"column":13}},"16":{"start":{"line":29,"column":16},"end":{"line":29,"column":30}},"17":{"start":{"line":32,"column":8},"end":{"line":34,"column":9}},"18":{"start":{"line":33,"column":12},"end":{"line":33,"column":40}},"19":{"start":{"line":37,"column":4},"end":{"line":37,"column":23}},"20":{"start":{"line":40,"column":0},"end":{"line":42,"column":1}},"21":{"start":{"line":41,"column":4},"end":{"line":41,"column":49}}},"fnMap":{"0":{"name":"(anonymous_0)","decl":{"start":{"line":1,"column":23},"end":{"line":1,"column":24}},"loc":{"start":{"line":1,"column":34},"end":{"line":18,"column":1}},"line":1},"1":{"name":"(anonymous_1)","decl":{"start":{"line":20,"column":36},"end":{"line":20,"column":37}},"loc":{"start":{"line":20,"column":42},"end":{"line":38,"column":1}},"line":20},"2":{"name":"(anonymous_2)","decl":{"start":{"line":27,"column":25},"end":{"line":27,"column":26}},"loc":{"start":{"line":27,"column":34},"end":{"line":31,"column":9}},"line":27},"3":{"name":"(anonymous_3)","decl":{"start":{"line":40,"column":18},"end":{"line":40,"column":19}},"loc":{"start":{"line":40,"column":24},"end":{"line":42,"column":1}},"line":40}},"branchMap":{"0":{"loc":{"start":{"line":28,"column":12},"end":{"line":30,"column":13}},"type":"if","locations":[{"start":{"line":28,"column":12},"end":{"line":30,"column":13}},{"start":{"line":28,"column":12},"end":{"line":30,"column":13}}],"line":28},"1":{"loc":{"start":{"line":32,"column":8},"end":{"line":34,"column":9}},"type":"if","locations":[{"start":{"line":32,"column":8},"end":{"line":34,"column":9}},{"start":{"line":32,"column":8},"end":{"line":34,"column":9}}],"line":32}},"s":{"0":3,"1":4,"2":4,"3":12,"4":12,"5":12,"6":12,"7":12,"8":4,"9":3,"10":6,"11":6,"12":36,"13":36,"14":36,"15":90,"16":0,"17":36,"18":36,"19":6,"20":3,"21":36},"f":{"0":4,"1":6,"2":90,"3":36},"b":{"0":[0,90],"1":[36,0]},"_coverageSchema":"1a1c01bbd47fc00a2c39e90264f33305004495a9","hash":"952db15af832cff6b1c357a1eef074c7301011ca"}
,"/Users/kavinie/Documents/CardGame/src/components/CACard.js": {"path":"/Users/kavinie/Documents/CardGame/src/components/CACard.js","statementMap":{"0":{"start":{"line":13,"column":15},"end":{"line":37,"column":1}},"1":{"start":{"line":15,"column":2},"end":{"line":35,"column":3}},"2":{"start":{"line":39,"column":15},"end":{"line":46,"column":2}}},"fnMap":{"0":{"name":"(anonymous_0)","decl":{"start":{"line":13,"column":15},"end":{"line":13,"column":16}},"loc":{"start":{"line":13,"column":27},"end":{"line":37,"column":1}},"line":13}},"branchMap":{"0":{"loc":{"start":{"line":20,"column":12},"end":{"line":30,"column":13}},"type":"cond-expr","locations":[{"start":{"line":21,"column":14},"end":{"line":21,"column":65}},{"start":{"line":23,"column":14},"end":{"line":28,"column":16}}],"line":20}},"s":{"0":2,"1":0,"2":2},"f":{"0":0},"b":{"0":[0,0]},"_coverageSchema":"1a1c01bbd47fc00a2c39e90264f33305004495a9","hash":"2f3a1338b76e2f45c5a0bacaa560442fcd44f783"}
,"/Users/kavinie/Documents/CardGame/src/components/CAHeader.js": {"path":"/Users/kavinie/Documents/CardGame/src/components/CAHeader.js","statementMap":{"0":{"start":{"line":7,"column":4},"end":{"line":20,"column":5}}},"fnMap":{"0":{"name":"CAHeader","decl":{"start":{"line":6,"column":24},"end":{"line":6,"column":32}},"loc":{"start":{"line":6,"column":40},"end":{"line":21,"column":1}},"line":6}},"branchMap":{},"s":{"0":2},"f":{"0":2},"b":{},"_coverageSchema":"1a1c01bbd47fc00a2c39e90264f33305004495a9","hash":"ddf89e128310c069f57bbd7d9f5a6e953974a6dd"}
,"/Users/kavinie/Documents/CardGame/src/components/CALinkButton.js": {"path":"/Users/kavinie/Documents/CardGame/src/components/CALinkButton.js","statementMap":{"0":{"start":{"line":6,"column":21},"end":{"line":12,"column":1}},"1":{"start":{"line":7,"column":4},"end":{"line":11,"column":5}},"2":{"start":{"line":14,"column":15},"end":{"line":16,"column":2}}},"fnMap":{"0":{"name":"(anonymous_0)","decl":{"start":{"line":6,"column":21},"end":{"line":6,"column":22}},"loc":{"start":{"line":6,"column":32},"end":{"line":12,"column":1}},"line":6}},"branchMap":{},"s":{"0":2,"1":2,"2":2},"f":{"0":2},"b":{},"_coverageSchema":"1a1c01bbd47fc00a2c39e90264f33305004495a9","hash":"9a6564713bcecdb7bc0b5d415aaf2e6373c22c90"}
,"/Users/kavinie/Documents/CardGame/src/res/CAColors.js": {"path":"/Users/kavinie/Documents/CardGame/src/res/CAColors.js","statementMap":{"0":{"start":{"line":1,"column":17},"end":{"line":5,"column":1}}},"fnMap":{},"branchMap":{},"s":{"0":2},"f":{},"b":{},"_coverageSchema":"1a1c01bbd47fc00a2c39e90264f33305004495a9","hash":"eae151a991f47944254bb00417c038df38fc2145"}
,"/Users/kavinie/Documents/CardGame/src/res/CAImages.js": {"path":"/Users/kavinie/Documents/CardGame/src/res/CAImages.js","statementMap":{"0":{"start":{"line":1,"column":17},"end":{"line":3,"column":1}}},"fnMap":{},"branchMap":{},"s":{"0":2},"f":{},"b":{},"_coverageSchema":"1a1c01bbd47fc00a2c39e90264f33305004495a9","hash":"4179f4618c363bd09de02d930351571bcf081572"}
,"/Users/kavinie/Documents/CardGame/src/res/CAStrings.js": {"path":"/Users/kavinie/Documents/CardGame/src/res/CAStrings.js","statementMap":{"0":{"start":{"line":1,"column":18},"end":{"line":5,"column":1}}},"fnMap":{},"branchMap":{},"s":{"0":2},"f":{},"b":{},"_coverageSchema":"1a1c01bbd47fc00a2c39e90264f33305004495a9","hash":"33782606159effaae05de60ac9e201e8cbae2161"}
,"/Users/kavinie/Documents/CardGame/src/res/CAStyles.js": {"path":"/Users/kavinie/Documents/CardGame/src/res/CAStyles.js","statementMap":{},"fnMap":{},"branchMap":{},"s":{},"f":{},"b":{},"_coverageSchema":"1a1c01bbd47fc00a2c39e90264f33305004495a9","hash":"bcd4585ecf2e3a4417431d2271004a70c8bb4d4a"}
,"/Users/kavinie/Documents/CardGame/src/res/assets/background.jpg": {"path":"/Users/kavinie/Documents/CardGame/src/res/assets/background.jpg","statementMap":{"0":{"start":{"line":1,"column":0},"end":{"line":4,"column":6}}},"fnMap":{},"branchMap":{},"s":{"0":2},"f":{},"b":{},"inputSourceMap":null,"_coverageSchema":"1a1c01bbd47fc00a2c39e90264f33305004495a9","hash":"538ae432978894e0dd22e38d26a0d845a8cdbb7c"}
,"/Users/kavinie/Documents/CardGame/src/screens/HomeScreen.js": {"path":"/Users/kavinie/Documents/CardGame/src/screens/HomeScreen.js","statementMap":{"0":{"start":{"line":15,"column":19},"end":{"line":169,"column":1}},"1":{"start":{"line":17,"column":23},"end":{"line":17,"column":70}},"2":{"start":{"line":18,"column":24},"end":{"line":18,"column":73}},"3":{"start":{"line":21,"column":28},"end":{"line":21,"column":50}},"4":{"start":{"line":23,"column":41},"end":{"line":23,"column":53}},"5":{"start":{"line":25,"column":29},"end":{"line":25,"column":40}},"6":{"start":{"line":27,"column":37},"end":{"line":27,"column":48}},"7":{"start":{"line":29,"column":51},"end":{"line":29,"column":65}},"8":{"start":{"line":30,"column":53},"end":{"line":30,"column":67}},"9":{"start":{"line":33,"column":4},"end":{"line":35,"column":10}},"10":{"start":{"line":34,"column":8},"end":{"line":34,"column":22}},"11":{"start":{"line":37,"column":4},"end":{"line":41,"column":19}},"12":{"start":{"line":38,"column":5},"end":{"line":40,"column":6}},"13":{"start":{"line":39,"column":8},"end":{"line":39,"column":27}},"14":{"start":{"line":43,"column":4},"end":{"line":47,"column":5}},"15":{"start":{"line":44,"column":24},"end":{"line":44,"column":65}},"16":{"start":{"line":45,"column":26},"end":{"line":45,"column":46}},"17":{"start":{"line":46,"column":6},"end":{"line":46,"column":30}},"18":{"start":{"line":49,"column":4},"end":{"line":61,"column":5}},"19":{"start":{"line":50,"column":22},"end":{"line":50,"column":24}},"20":{"start":{"line":51,"column":6},"end":{"line":58,"column":8}},"21":{"start":{"line":52,"column":19},"end":{"line":56,"column":9}},"22":{"start":{"line":57,"column":8},"end":{"line":57,"column":28}},"23":{"start":{"line":60,"column":6},"end":{"line":60,"column":31}},"24":{"start":{"line":63,"column":4},"end":{"line":70,"column":5}},"25":{"start":{"line":65,"column":8},"end":{"line":65,"column":19}},"26":{"start":{"line":67,"column":8},"end":{"line":67,"column":22}},"27":{"start":{"line":69,"column":8},"end":{"line":69,"column":23}},"28":{"start":{"line":72,"column":4},"end":{"line":95,"column":5}},"29":{"start":{"line":73,"column":6},"end":{"line":94,"column":7}},"30":{"start":{"line":74,"column":8},"end":{"line":74,"column":23}},"31":{"start":{"line":76,"column":8},"end":{"line":88,"column":9}},"32":{"start":{"line":77,"column":10},"end":{"line":87,"column":12}},"33":{"start":{"line":83,"column":31},"end":{"line":83,"column":43}},"34":{"start":{"line":91,"column":8},"end":{"line":93,"column":17}},"35":{"start":{"line":92,"column":10},"end":{"line":92,"column":33}},"36":{"start":{"line":97,"column":4},"end":{"line":108,"column":5}},"37":{"start":{"line":98,"column":21},"end":{"line":98,"column":37}},"38":{"start":{"line":99,"column":6},"end":{"line":104,"column":8}},"39":{"start":{"line":100,"column":8},"end":{"line":102,"column":9}},"40":{"start":{"line":101,"column":10},"end":{"line":101,"column":34}},"41":{"start":{"line":106,"column":6},"end":{"line":106,"column":30}},"42":{"start":{"line":107,"column":6},"end":{"line":107,"column":21}},"43":{"start":{"line":110,"column":4},"end":{"line":119,"column":5}},"44":{"start":{"line":111,"column":25},"end":{"line":111,"column":29}},"45":{"start":{"line":112,"column":6},"end":{"line":116,"column":8}},"46":{"start":{"line":113,"column":8},"end":{"line":115,"column":9}},"47":{"start":{"line":114,"column":10},"end":{"line":114,"column":30}},"48":{"start":{"line":118,"column":6},"end":{"line":118,"column":25}},"49":{"start":{"line":121,"column":4},"end":{"line":147,"column":5}},"50":{"start":{"line":122,"column":6},"end":{"line":124,"column":7}},"51":{"start":{"line":123,"column":8},"end":{"line":123,"column":14}},"52":{"start":{"line":127,"column":20},"end":{"line":127,"column":24}},"53":{"start":{"line":128,"column":6},"end":{"line":128,"column":28}},"54":{"start":{"line":129,"column":21},"end":{"line":129,"column":37}},"55":{"start":{"line":130,"column":6},"end":{"line":130,"column":33}},"56":{"start":{"line":131,"column":6},"end":{"line":131,"column":30}},"57":{"start":{"line":134,"column":6},"end":{"line":134,"column":25}},"58":{"start":{"line":137,"column":6},"end":{"line":137,"column":33}},"59":{"start":{"line":138,"column":6},"end":{"line":140,"column":7}},"60":{"start":{"line":139,"column":8},"end":{"line":139,"column":36}},"61":{"start":{"line":142,"column":6},"end":{"line":144,"column":7}},"62":{"start":{"line":143,"column":8},"end":{"line":143,"column":37}},"63":{"start":{"line":149,"column":23},"end":{"line":155,"column":5}},"64":{"start":{"line":150,"column":8},"end":{"line":154,"column":55}},"65":{"start":{"line":154,"column":34},"end":{"line":154,"column":51}},"66":{"start":{"line":157,"column":4},"end":{"line":168,"column":5}},"67":{"start":{"line":164,"column":38},"end":{"line":164,"column":45}},"68":{"start":{"line":171,"column":15},"end":{"line":176,"column":2}}},"fnMap":{"0":{"name":"(anonymous_0)","decl":{"start":{"line":15,"column":19},"end":{"line":15,"column":20}},"loc":{"start":{"line":15,"column":25},"end":{"line":169,"column":1}},"line":15},"1":{"name":"(anonymous_1)","decl":{"start":{"line":33,"column":14},"end":{"line":33,"column":15}},"loc":{"start":{"line":33,"column":20},"end":{"line":35,"column":5}},"line":33},"2":{"name":"(anonymous_2)","decl":{"start":{"line":37,"column":14},"end":{"line":37,"column":15}},"loc":{"start":{"line":37,"column":20},"end":{"line":41,"column":5}},"line":37},"3":{"name":"(anonymous_3)","decl":{"start":{"line":43,"column":19},"end":{"line":43,"column":20}},"loc":{"start":{"line":43,"column":25},"end":{"line":47,"column":5}},"line":43},"4":{"name":"(anonymous_4)","decl":{"start":{"line":49,"column":16},"end":{"line":49,"column":17}},"loc":{"start":{"line":49,"column":35},"end":{"line":61,"column":5}},"line":49},"5":{"name":"(anonymous_5)","decl":{"start":{"line":51,"column":24},"end":{"line":51,"column":25}},"loc":{"start":{"line":51,"column":41},"end":{"line":58,"column":7}},"line":51},"6":{"name":"(anonymous_6)","decl":{"start":{"line":63,"column":17},"end":{"line":63,"column":18}},"loc":{"start":{"line":63,"column":23},"end":{"line":70,"column":5}},"line":63},"7":{"name":"(anonymous_7)","decl":{"start":{"line":72,"column":24},"end":{"line":72,"column":25}},"loc":{"start":{"line":72,"column":30},"end":{"line":95,"column":5}},"line":72},"8":{"name":"(anonymous_8)","decl":{"start":{"line":83,"column":25},"end":{"line":83,"column":26}},"loc":{"start":{"line":83,"column":31},"end":{"line":83,"column":43}},"line":83},"9":{"name":"(anonymous_9)","decl":{"start":{"line":91,"column":19},"end":{"line":91,"column":20}},"loc":{"start":{"line":91,"column":25},"end":{"line":93,"column":9}},"line":91},"10":{"name":"(anonymous_10)","decl":{"start":{"line":97,"column":28},"end":{"line":97,"column":29}},"loc":{"start":{"line":97,"column":34},"end":{"line":108,"column":5}},"line":97},"11":{"name":"(anonymous_11)","decl":{"start":{"line":99,"column":19},"end":{"line":99,"column":20}},"loc":{"start":{"line":99,"column":31},"end":{"line":104,"column":7}},"line":99},"12":{"name":"(anonymous_12)","decl":{"start":{"line":110,"column":34},"end":{"line":110,"column":35}},"loc":{"start":{"line":110,"column":40},"end":{"line":119,"column":5}},"line":110},"13":{"name":"(anonymous_13)","decl":{"start":{"line":112,"column":22},"end":{"line":112,"column":23}},"loc":{"start":{"line":112,"column":34},"end":{"line":116,"column":7}},"line":112},"14":{"name":"(anonymous_14)","decl":{"start":{"line":121,"column":18},"end":{"line":121,"column":19}},"loc":{"start":{"line":121,"column":33},"end":{"line":147,"column":5}},"line":121},"15":{"name":"(anonymous_15)","decl":{"start":{"line":149,"column":23},"end":{"line":149,"column":24}},"loc":{"start":{"line":150,"column":8},"end":{"line":154,"column":55}},"line":150},"16":{"name":"(anonymous_16)","decl":{"start":{"line":154,"column":29},"end":{"line":154,"column":30}},"loc":{"start":{"line":154,"column":33},"end":{"line":154,"column":52}},"line":154},"17":{"name":"(anonymous_17)","decl":{"start":{"line":164,"column":30},"end":{"line":164,"column":31}},"loc":{"start":{"line":164,"column":38},"end":{"line":164,"column":45}},"line":164}},"branchMap":{"0":{"loc":{"start":{"line":38,"column":5},"end":{"line":40,"column":6}},"type":"if","locations":[{"start":{"line":38,"column":5},"end":{"line":40,"column":6}},{"start":{"line":38,"column":5},"end":{"line":40,"column":6}}],"line":38},"1":{"loc":{"start":{"line":73,"column":6},"end":{"line":94,"column":7}},"type":"if","locations":[{"start":{"line":73,"column":6},"end":{"line":94,"column":7}},{"start":{"line":73,"column":6},"end":{"line":94,"column":7}}],"line":73},"2":{"loc":{"start":{"line":76,"column":8},"end":{"line":88,"column":9}},"type":"if","locations":[{"start":{"line":76,"column":8},"end":{"line":88,"column":9}},{"start":{"line":76,"column":8},"end":{"line":88,"column":9}}],"line":76},"3":{"loc":{"start":{"line":100,"column":8},"end":{"line":102,"column":9}},"type":"if","locations":[{"start":{"line":100,"column":8},"end":{"line":102,"column":9}},{"start":{"line":100,"column":8},"end":{"line":102,"column":9}}],"line":100},"4":{"loc":{"start":{"line":100,"column":12},"end":{"line":100,"column":87}},"type":"binary-expr","locations":[{"start":{"line":100,"column":12},"end":{"line":100,"column":47}},{"start":{"line":100,"column":51},"end":{"line":100,"column":87}}],"line":100},"5":{"loc":{"start":{"line":113,"column":8},"end":{"line":115,"column":9}},"type":"if","locations":[{"start":{"line":113,"column":8},"end":{"line":115,"column":9}},{"start":{"line":113,"column":8},"end":{"line":115,"column":9}}],"line":113},"6":{"loc":{"start":{"line":122,"column":6},"end":{"line":124,"column":7}},"type":"if","locations":[{"start":{"line":122,"column":6},"end":{"line":124,"column":7}},{"start":{"line":122,"column":6},"end":{"line":124,"column":7}}],"line":122},"7":{"loc":{"start":{"line":138,"column":6},"end":{"line":140,"column":7}},"type":"if","locations":[{"start":{"line":138,"column":6},"end":{"line":140,"column":7}},{"start":{"line":138,"column":6},"end":{"line":140,"column":7}}],"line":138},"8":{"loc":{"start":{"line":142,"column":6},"end":{"line":144,"column":7}},"type":"if","locations":[{"start":{"line":142,"column":6},"end":{"line":144,"column":7}},{"start":{"line":142,"column":6},"end":{"line":144,"column":7}}],"line":142}},"s":{"0":2,"1":2,"2":2,"3":2,"4":2,"5":2,"6":2,"7":2,"8":2,"9":2,"10":0,"11":2,"12":0,"13":0,"14":2,"15":0,"16":0,"17":0,"18":2,"19":0,"20":0,"21":0,"22":0,"23":0,"24":2,"25":0,"26":0,"27":0,"28":2,"29":0,"30":0,"31":0,"32":0,"33":0,"34":0,"35":0,"36":2,"37":0,"38":0,"39":0,"40":0,"41":0,"42":0,"43":2,"44":0,"45":0,"46":0,"47":0,"48":0,"49":2,"50":0,"51":0,"52":0,"53":0,"54":0,"55":0,"56":0,"57":0,"58":0,"59":0,"60":0,"61":0,"62":0,"63":2,"64":0,"65":0,"66":2,"67":0,"68":2},"f":{"0":2,"1":0,"2":0,"3":0,"4":0,"5":0,"6":0,"7":0,"8":0,"9":0,"10":0,"11":0,"12":0,"13":0,"14":0,"15":0,"16":0,"17":0},"b":{"0":[0,0],"1":[0,0],"2":[0,0],"3":[0,0],"4":[0,0],"5":[0,0],"6":[0,0],"7":[0,0],"8":[0,0]},"_coverageSchema":"1a1c01bbd47fc00a2c39e90264f33305004495a9","hash":"bc3cb141207689045366638fd5e6656f9b37d847"}
}
