TN:
SF:App.js
FN:12,(anonymous_0)
FNF:1
FNH:1
FNDA:1,(anonymous_0)
DA:12,1
DA:13,1
LF:2
LH:2
BRF:0
BRH:0
end_of_record
TN:
SF:src/Utils/SupportFun.js
FN:1,(anonymous_0)
FN:20,(anonymous_1)
FN:27,(anonymous_2)
FN:40,(anonymous_3)
FN:44,(anonymous_4)
FN:49,(anonymous_5)
FN:51,(anonymous_6)
FN:60,(anonymous_7)
FN:62,(anonymous_8)
FNF:9
FNH:9
FNDA:5,(anonymous_0)
FNDA:9,(anonymous_1)
FNDA:144,(anonymous_2)
FNDA:57,(anonymous_3)
FNDA:2,(anonymous_4)
FNDA:3,(anonymous_5)
FNDA:6,(anonymous_6)
FNDA:4,(anonymous_7)
FNDA:21,(anonymous_8)
DA:1,3
DA:2,5
DA:5,5
DA:8,24
DA:9,24
DA:12,24
DA:13,24
DA:14,24
DA:17,5
DA:20,3
DA:21,9
DA:23,9
DA:24,57
DA:26,57
DA:27,57
DA:28,144
DA:29,3
DA:32,57
DA:33,54
DA:37,9
DA:40,3
DA:41,57
DA:44,3
DA:45,2
DA:46,2
DA:49,3
DA:50,3
DA:51,3
DA:52,6
DA:53,3
DA:57,3
DA:60,3
DA:61,4
DA:62,4
DA:63,21
DA:68,21
DA:71,4
LF:37
LH:37
BRDA:28,0,0,3
BRDA:28,0,1,141
BRDA:32,1,0,54
BRDA:32,1,1,3
BRDA:52,2,0,3
BRDA:52,2,1,3
BRF:6
BRH:6
end_of_record
TN:
SF:src/components/CACard.js
FN:13,(anonymous_0)
FNF:1
FNH:1
FNDA:13,(anonymous_0)
DA:13,2
DA:15,13
DA:39,2
LF:3
LH:3
BRDA:20,0,0,0
BRDA:20,0,1,13
BRF:2
BRH:1
end_of_record
TN:
SF:src/components/CAHeader.js
FN:6,CAHeader
FNF:1
FNH:1
FNDA:4,CAHeader
DA:7,4
LF:1
LH:1
BRF:0
BRH:0
end_of_record
TN:
SF:src/components/CALinkButton.js
FN:6,(anonymous_0)
FNF:1
FNH:1
FNDA:5,(anonymous_0)
DA:6,2
DA:7,5
DA:14,2
LF:3
LH:3
BRF:0
BRH:0
end_of_record
TN:
SF:src/res/CAColors.js
FNF:0
FNH:0
DA:1,2
LF:1
LH:1
BRF:0
BRH:0
end_of_record
TN:
SF:src/res/CAImages.js
FNF:0
FNH:0
DA:1,2
LF:1
LH:1
BRF:0
BRH:0
end_of_record
TN:
SF:src/res/CAStrings.js
FNF:0
FNH:0
DA:1,2
LF:1
LH:1
BRF:0
BRH:0
end_of_record
TN:
SF:src/res/CAStyles.js
FNF:0
FNH:0
LF:0
LH:0
BRF:0
BRH:0
end_of_record
TN:
SF:src/res/assets/background.jpg
FNF:0
FNH:0
DA:1,2
LF:1
LH:1
BRF:0
BRH:0
end_of_record
TN:
SF:src/screens/HomeScreen.js
FN:15,(anonymous_0)
FN:33,(anonymous_1)
FN:37,(anonymous_2)
FN:43,(anonymous_3)
FN:49,(anonymous_4)
FN:54,(anonymous_5)
FN:63,(anonymous_6)
FN:74,(anonymous_7)
FN:82,(anonymous_8)
FN:88,(anonymous_9)
FN:90,(anonymous_10)
FN:112,(anonymous_11)
FN:140,(anonymous_12)
FN:145,(anonymous_13)
FN:155,(anonymous_14)
FNF:15
FNH:7
FNDA:3,(anonymous_0)
FNDA:1,(anonymous_1)
FNDA:1,(anonymous_2)
FNDA:1,(anonymous_3)
FNDA:1,(anonymous_4)
FNDA:0,(anonymous_5)
FNDA:0,(anonymous_6)
FNDA:0,(anonymous_7)
FNDA:0,(anonymous_8)
FNDA:0,(anonymous_9)
FNDA:0,(anonymous_10)
FNDA:0,(anonymous_11)
FNDA:12,(anonymous_12)
FNDA:0,(anonymous_13)
FNDA:21,(anonymous_14)
DA:15,2
DA:17,3
DA:18,3
DA:21,3
DA:23,3
DA:25,3
DA:27,3
DA:29,3
DA:30,3
DA:33,3
DA:34,1
DA:37,3
DA:38,1
DA:39,0
DA:43,3
DA:44,1
DA:45,1
DA:46,1
DA:49,3
DA:50,1
DA:51,1
DA:54,3
DA:56,0
DA:58,0
DA:60,0
DA:63,3
DA:64,0
DA:65,0
DA:67,0
DA:68,0
DA:74,0
DA:82,0
DA:83,0
DA:88,3
DA:89,0
DA:90,0
DA:91,0
DA:92,0
DA:97,0
DA:98,0
DA:112,3
DA:113,0
DA:114,0
DA:118,0
DA:119,0
DA:120,0
DA:121,0
DA:122,0
DA:125,0
DA:128,0
DA:129,0
DA:130,0
DA:133,0
DA:134,0
DA:140,3
DA:141,12
DA:145,0
DA:148,3
DA:155,21
DA:162,2
LF:60
LH:29
BRDA:38,0,0,0
BRDA:38,0,1,1
BRDA:64,1,0,0
BRDA:64,1,1,0
BRDA:67,2,0,0
BRDA:67,2,1,0
BRDA:91,3,0,0
BRDA:91,3,1,0
BRDA:91,4,0,0
BRDA:91,4,1,0
BRDA:113,5,0,0
BRDA:113,5,1,0
BRDA:129,6,0,0
BRDA:129,6,1,0
BRDA:133,7,0,0
BRDA:133,7,1,0
BRF:16
BRH:1
end_of_record
