TN:
SF:App.js
FN:12,(anonymous_0)
FNF:1
FNH:1
FNDA:1,(anonymous_0)
DA:12,1
DA:13,1
LF:2
LH:2
BRF:0
BRH:0
end_of_record
TN:
SF:src/Utils/SupportFun.js
FN:1,(anonymous_0)
FN:20,(anonymous_1)
FN:27,(anonymous_2)
FN:40,(anonymous_3)
FNF:4
FNH:4
FNDA:4,(anonymous_0)
FNDA:6,(anonymous_1)
FNDA:90,(anonymous_2)
FNDA:36,(anonymous_3)
DA:1,3
DA:2,4
DA:5,4
DA:8,12
DA:9,12
DA:12,12
DA:13,12
DA:14,12
DA:17,4
DA:20,3
DA:21,6
DA:23,6
DA:24,36
DA:26,36
DA:27,36
DA:28,90
DA:29,0
DA:32,36
DA:33,36
DA:37,6
DA:40,3
DA:41,36
LF:22
LH:21
BRDA:28,0,0,0
BRDA:28,0,1,90
BRDA:32,1,0,36
BRDA:32,1,1,0
BRF:4
BRH:2
end_of_record
TN:
SF:src/components/CACard.js
FN:13,(anonymous_0)
FNF:1
FNH:0
FNDA:0,(anonymous_0)
DA:13,2
DA:15,0
DA:39,2
LF:3
LH:2
BRDA:20,0,0,0
BRDA:20,0,1,0
BRF:2
BRH:0
end_of_record
TN:
SF:src/components/CAHeader.js
FN:6,CAHeader
FNF:1
FNH:1
FNDA:2,CAHeader
DA:7,2
LF:1
LH:1
BRF:0
BRH:0
end_of_record
TN:
SF:src/components/CALinkButton.js
FN:6,(anonymous_0)
FNF:1
FNH:1
FNDA:2,(anonymous_0)
DA:6,2
DA:7,2
DA:14,2
LF:3
LH:3
BRF:0
BRH:0
end_of_record
TN:
SF:src/res/CAColors.js
FNF:0
FNH:0
DA:1,2
LF:1
LH:1
BRF:0
BRH:0
end_of_record
TN:
SF:src/res/CAImages.js
FNF:0
FNH:0
DA:1,2
LF:1
LH:1
BRF:0
BRH:0
end_of_record
TN:
SF:src/res/CAStrings.js
FNF:0
FNH:0
DA:1,2
LF:1
LH:1
BRF:0
BRH:0
end_of_record
TN:
SF:src/res/CAStyles.js
FNF:0
FNH:0
LF:0
LH:0
BRF:0
BRH:0
end_of_record
TN:
SF:src/res/assets/background.jpg
FNF:0
FNH:0
DA:1,2
LF:1
LH:1
BRF:0
BRH:0
end_of_record
TN:
SF:src/screens/HomeScreen.js
FN:15,(anonymous_0)
FN:33,(anonymous_1)
FN:37,(anonymous_2)
FN:43,(anonymous_3)
FN:49,(anonymous_4)
FN:51,(anonymous_5)
FN:63,(anonymous_6)
FN:72,(anonymous_7)
FN:83,(anonymous_8)
FN:91,(anonymous_9)
FN:97,(anonymous_10)
FN:99,(anonymous_11)
FN:110,(anonymous_12)
FN:112,(anonymous_13)
FN:121,(anonymous_14)
FN:149,(anonymous_15)
FN:154,(anonymous_16)
FN:164,(anonymous_17)
FNF:18
FNH:1
FNDA:2,(anonymous_0)
FNDA:0,(anonymous_1)
FNDA:0,(anonymous_2)
FNDA:0,(anonymous_3)
FNDA:0,(anonymous_4)
FNDA:0,(anonymous_5)
FNDA:0,(anonymous_6)
FNDA:0,(anonymous_7)
FNDA:0,(anonymous_8)
FNDA:0,(anonymous_9)
FNDA:0,(anonymous_10)
FNDA:0,(anonymous_11)
FNDA:0,(anonymous_12)
FNDA:0,(anonymous_13)
FNDA:0,(anonymous_14)
FNDA:0,(anonymous_15)
FNDA:0,(anonymous_16)
FNDA:0,(anonymous_17)
DA:15,2
DA:17,2
DA:18,2
DA:21,2
DA:23,2
DA:25,2
DA:27,2
DA:29,2
DA:30,2
DA:33,2
DA:34,0
DA:37,2
DA:38,0
DA:39,0
DA:43,2
DA:44,0
DA:45,0
DA:46,0
DA:49,2
DA:50,0
DA:51,0
DA:52,0
DA:57,0
DA:60,0
DA:63,2
DA:65,0
DA:67,0
DA:69,0
DA:72,2
DA:73,0
DA:74,0
DA:76,0
DA:77,0
DA:83,0
DA:91,0
DA:92,0
DA:97,2
DA:98,0
DA:99,0
DA:100,0
DA:101,0
DA:106,0
DA:107,0
DA:110,2
DA:111,0
DA:112,0
DA:113,0
DA:114,0
DA:118,0
DA:121,2
DA:122,0
DA:123,0
DA:127,0
DA:128,0
DA:129,0
DA:130,0
DA:131,0
DA:134,0
DA:137,0
DA:138,0
DA:139,0
DA:142,0
DA:143,0
DA:149,2
DA:150,0
DA:154,0
DA:157,2
DA:164,0
DA:171,2
LF:69
LH:21
BRDA:38,0,0,0
BRDA:38,0,1,0
BRDA:73,1,0,0
BRDA:73,1,1,0
BRDA:76,2,0,0
BRDA:76,2,1,0
BRDA:100,3,0,0
BRDA:100,3,1,0
BRDA:100,4,0,0
BRDA:100,4,1,0
BRDA:113,5,0,0
BRDA:113,5,1,0
BRDA:122,6,0,0
BRDA:122,6,1,0
BRDA:138,7,0,0
BRDA:138,7,1,0
BRDA:142,8,0,0
BRDA:142,8,1,0
BRF:18
BRH:0
end_of_record
